<?xml version="1.0" encoding="UTF-8"?>
<testsuite xmlns:xsi="http://www.w3.org/2001/XMLSchema-instance" xsi:noNamespaceSchemaLocation="https://maven.apache.org/surefire/maven-surefire-plugin/xsd/surefire-test-report.xsd" version="3.0.2" name="com.cybersoft.automation.tests.SignupTest" time="6.141" tests="2" errors="0" skipped="0" failures="0">
  <properties>
[...]
</properties>
  <testcase name="verifySignupBtn" classname="com.cybersoft.automation.tests.SignupTest" time="0.208">
    <system-out><![CDATA[2026-08-02 16:59:09 [INFO] BaseTest - ====Start auto test
2026-08-02 16:59:09 [INFO] BaseTest - Opening Chrome browser
2026-08-02 16:59:11 [INFO] BaseTest - Start testing: Verify signup button
2026-08-02 16:59:11 [INFO] BaseTest - Clcik on Sign Up button
2026-08-02 16:59:12 [INFO] BaseTest - Verify the result
]]></system-out>
    <system-err><![CDATA[SLF4J(W): No SLF4J providers were found.
SLF4J(W): Defaulting to no-operation (NOP) logger implementation
SLF4J(W): See https://www.slf4j.org/codes.html#noProviders for further details.
Aug 02, 2026 4:59:10 PM org.openqa.selenium.devtools.CdpVersionFinder findNearestMatch
WARNING: Unable to find CDP implementation matching 150
Aug 02, 2026 4:59:10 PM org.openqa.selenium.chromium.ChromiumDriver lambda$new$4
WARNING: Unable to find version of CDP to use for 150.0.7871.187. You may need to include a dependency on a specific version of the CDP using something similar to `org.seleniumhq.selenium:selenium-devtools-v86:4.34.0` where the version ("v86") matches the version of the chromium-based browser you're using and the version number of the artifact is the same as Selenium's.
]]></system-err>
  </testcase>
  <testcase name="verifySignupForm" classname="com.cybersoft.automation.tests.SignupTest" time="1.013">
    <system-out><![CDATA[2026-08-02 16:59:12 [INFO] BaseTest - Closing browser
2026-08-02 16:59:12 [INFO] BaseTest - END-----TEST--------
2026-08-02 16:59:12 [INFO] BaseTest - ====Start auto test
2026-08-02 16:59:12 [INFO] BaseTest - Opening Chrome browser
2026-08-02 16:59:13 [INFO] BaseTest - Start testing: Verify Signup Form
2026-08-02 16:59:13 [INFO] BaseTest - Click on SignUp button
2026-08-02 16:59:14 [INFO] BaseTest - Verify test result
2026-08-02 16:59:14 [INFO] BaseTest - Verify test result - Ended
]]></system-out>
    <system-err><![CDATA[Aug 02, 2026 4:59:13 PM org.openqa.selenium.devtools.CdpVersionFinder findNearestMatch
WARNING: Unable to find CDP implementation matching 150
Aug 02, 2026 4:59:13 PM org.openqa.selenium.chromium.ChromiumDriver lambda$new$4
WARNING: Unable to find version of CDP to use for 150.0.7871.187. You may need to include a dependency on a specific version of the CDP using something similar to `org.seleniumhq.selenium:selenium-devtools-v86:4.34.0` where the version ("v86") matches the version of the chromium-based browser you're using and the version number of the artifact is the same as Selenium's.
]]></system-err>
  </testcase>
</testsuite>