<?xml version="1.0" encoding="UTF-8"?>
<!-- Generated by org.testng.reporters.JUnitReportReporter -->
<testsuite hostname="PhuongMinh" failures="0" tests="2" name="com.cybersoft.automation.tests.SignupTest" time="5.333" errors="0" timestamp="2026-08-02T16:59:14 ICT" skipped="0">
  <testcase classname="com.cybersoft.automation.tests.SignupTest" name="verifySignupBtn" time="1.387"/>
  <testcase classname="com.cybersoft.automation.tests.SignupTest" name="verifySignupForm" time="3.946"/>
</testsuite> <!-- com.cybersoft.automation.tests.SignupTest -->
